
Gurobi 9.0.2 (mac64, Python) logging started Mon Aug  3 20:17:25 2020

Using license file /Users/mitheyshasokan/gurobi.lic
Set parameter LogFile to value gurobi.log

Gurobi 9.0.2 (mac64, Python) logging started Mon Aug  3 20:18:46 2020

Using license file /Users/mitheyshasokan/gurobi.lic
Set parameter LogFile to value gurobi.log

Gurobi 9.0.2 (mac64, Python) logging started Mon Aug  3 20:19:05 2020

Using license file /Users/mitheyshasokan/gurobi.lic
Set parameter LogFile to value gurobi.log

Gurobi 9.0.2 (mac64, Python) logging started Mon Aug  3 20:19:34 2020

Using license file /Users/mitheyshasokan/gurobi.lic
Set parameter LogFile to value gurobi.log

Gurobi 8.1.1 (mac64, Python) logging started Mon Aug  3 20:27:50 2020

Academic license - for non-commercial use only

Gurobi 8.1.1 (mac64, Python) logging started Mon Aug  3 20:28:03 2020

Academic license - for non-commercial use only
Optimize a model with 2 rows, 3 columns and 5 nonzeros
Variable types: 0 continuous, 3 integer (3 binary)
Coefficient statistics:
  Matrix range     [1e+00, 3e+00]
  Objective range  [1e+00, 2e+00]
  Bounds range     [1e+00, 1e+00]
  RHS range        [1e+00, 4e+00]
Found heuristic solution: objective 2.0000000
Presolve removed 2 rows and 3 columns
Presolve time: 0.00s
Presolve: All rows and columns removed

Explored 0 nodes (0 simplex iterations) in 0.00 seconds
Thread count was 1 (of 4 available processors)

Solution count 2: 3 2 

Optimal solution found (tolerance 1.00e-04)
Best objective 3.000000000000e+00, best bound 3.000000000000e+00, gap 0.0000%

    Variable            X 
-------------------------
           x            1 
           z            1 

Gurobi 8.1.1 (mac64, Python) logging started Tue Aug  4 00:02:29 2020

Academic license - for non-commercial use only
Optimize a model with 2 rows, 3 columns and 5 nonzeros
Variable types: 0 continuous, 3 integer (3 binary)
Coefficient statistics:
  Matrix range     [1e+00, 3e+00]
  Objective range  [1e+00, 2e+00]
  Bounds range     [1e+00, 1e+00]
  RHS range        [1e+00, 4e+00]
Found heuristic solution: objective 2.0000000
Presolve removed 2 rows and 3 columns
Presolve time: 0.00s
Presolve: All rows and columns removed

Explored 0 nodes (0 simplex iterations) in 0.00 seconds
Thread count was 1 (of 4 available processors)

Solution count 2: 3 2 

Optimal solution found (tolerance 1.00e-04)
Best objective 3.000000000000e+00, best bound 3.000000000000e+00, gap 0.0000%

    Variable            X 
-------------------------
           x            1 
           z            1 

Gurobi 8.1.1 (mac64, Python) logging started Tue Aug  4 01:10:10 2020

Academic license - for non-commercial use only

Gurobi 8.1.1 (mac64, Python) logging started Tue Aug  4 01:11:08 2020

Academic license - for non-commercial use only

Gurobi 8.1.1 (mac64, Python) logging started Tue Aug  4 01:13:33 2020

Academic license - for non-commercial use only

Gurobi 8.1.1 (mac64, Python) logging started Tue Aug  4 01:14:58 2020

Academic license - for non-commercial use only

Gurobi 8.1.1 (mac64, Python) logging started Tue Aug  4 01:18:03 2020

Academic license - for non-commercial use only

Gurobi 8.1.1 (mac64, Python) logging started Tue Aug  4 01:18:32 2020

Academic license - for non-commercial use only

Gurobi 8.1.1 (mac64, Python) logging started Tue Aug  4 01:19:04 2020

Academic license - for non-commercial use only

Gurobi 8.1.1 (mac64, Python) logging started Tue Aug  4 01:21:48 2020

Academic license - for non-commercial use only

Gurobi 8.1.1 (mac64, Python) logging started Tue Aug  4 01:22:25 2020

Academic license - for non-commercial use only

Gurobi 8.1.1 (mac64, Python) logging started Tue Aug  4 01:22:41 2020

Academic license - for non-commercial use only

Gurobi 8.1.1 (mac64, Python) logging started Tue Aug  4 01:23:26 2020

Academic license - for non-commercial use only

Gurobi 8.1.1 (mac64, Python) logging started Tue Aug  4 01:25:28 2020

Academic license - for non-commercial use only

Gurobi 8.1.1 (mac64, Python) logging started Tue Aug  4 01:26:35 2020

Academic license - for non-commercial use only

Gurobi 8.1.1 (mac64, Python) logging started Tue Aug  4 01:28:55 2020

Academic license - for non-commercial use only

Gurobi 8.1.1 (mac64, Python) logging started Tue Aug  4 01:30:19 2020

Academic license - for non-commercial use only

Gurobi 8.1.1 (mac64, Python) logging started Tue Aug  4 01:30:42 2020

Academic license - for non-commercial use only

Gurobi 8.1.1 (mac64, Python) logging started Tue Aug  4 01:37:31 2020

Academic license - for non-commercial use only

Gurobi 8.1.1 (mac64, Python) logging started Tue Aug  4 01:39:15 2020

Academic license - for non-commercial use only
Optimize a model with 9 rows, 50 columns and 25 nonzeros
Variable types: 0 continuous, 50 integer (50 binary)
Coefficient statistics:
  Matrix range     [1e+00, 1e+00]
  Objective range  [1e+01, 1e+02]
  Bounds range     [1e+00, 1e+00]
  RHS range        [1e+00, 1e+00]
Presolve time: 0.00s

Explored 0 nodes (0 simplex iterations) in 0.00 seconds
Thread count was 1 (of 4 available processors)

Solution count 0

Model is infeasible
Best objective -, best bound -, gap -

    Variable            X 
-------------------------

Gurobi 8.1.1 (mac64, Python) logging started Tue Aug  4 01:39:29 2020

Academic license - for non-commercial use only
Optimize a model with 9 rows, 50 columns and 25 nonzeros
Variable types: 0 continuous, 50 integer (50 binary)
Coefficient statistics:
  Matrix range     [1e+00, 1e+00]
  Objective range  [1e+01, 1e+02]
  Bounds range     [1e+00, 1e+00]
  RHS range        [1e+00, 1e+00]
Presolve time: 0.00s

Explored 0 nodes (0 simplex iterations) in 0.00 seconds
Thread count was 1 (of 4 available processors)

Solution count 0

Model is infeasible
Best objective -, best bound -, gap -

Gurobi 8.1.1 (mac64, Python) logging started Tue Aug  4 01:41:30 2020

Academic license - for non-commercial use only
Optimize a model with 9 rows, 50 columns and 25 nonzeros
Variable types: 0 continuous, 50 integer (50 binary)
Coefficient statistics:
  Matrix range     [1e+00, 1e+00]
  Objective range  [1e+01, 1e+02]
  Bounds range     [1e+00, 1e+00]
  RHS range        [1e+00, 1e+00]
Presolve time: 0.00s

Explored 0 nodes (0 simplex iterations) in 0.00 seconds
Thread count was 1 (of 4 available processors)

Solution count 0

Model is infeasible
Best objective -, best bound -, gap -

Gurobi 8.1.1 (mac64, Python) logging started Tue Aug  4 11:13:49 2020

Academic license - for non-commercial use only
Optimize a model with 9 rows, 50 columns and 25 nonzeros
Variable types: 0 continuous, 50 integer (50 binary)
Coefficient statistics:
  Matrix range     [1e+00, 1e+00]
  Objective range  [1e+01, 1e+02]
  Bounds range     [1e+00, 1e+00]
  RHS range        [1e+00, 1e+00]
Presolve time: 0.00s

Explored 0 nodes (0 simplex iterations) in 0.00 seconds
Thread count was 1 (of 4 available processors)

Solution count 0

Model is infeasible
Best objective -, best bound -, gap -

Gurobi 8.1.1 (mac64, Python) logging started Tue Aug  4 12:10:13 2020

Academic license - for non-commercial use only
Optimize a model with 9 rows, 50 columns and 175 nonzeros
Variable types: 0 continuous, 50 integer (50 binary)
Coefficient statistics:
  Matrix range     [1e+00, 1e+01]
  Objective range  [1e+01, 1e+02]
  Bounds range     [1e+00, 1e+00]
  RHS range        [1e+00, 1e+00]
Found heuristic solution: objective -0.0000000
Presolve removed 5 rows and 28 columns
Presolve time: 0.00s
Presolved: 4 rows, 22 columns, 68 nonzeros
Variable types: 0 continuous, 22 integer (15 binary)

Root relaxation: objective 2.230000e+02, 9 iterations, 0.00 seconds

    Nodes    |    Current Node    |     Objective Bounds      |     Work
 Expl Unexpl |  Obj  Depth IntInf | Incumbent    BestBd   Gap | It/Node Time

*    0     0               0     223.0000000  223.00000  0.00%     -    0s

Explored 0 nodes (9 simplex iterations) in 0.00 seconds
Thread count was 4 (of 4 available processors)

Solution count 2: 223 -0 

Optimal solution found (tolerance 1.00e-04)
Best objective 2.230000000000e+02, best bound 2.230000000000e+02, gap 0.0000%

Gurobi 8.1.1 (mac64, Python) logging started Tue Aug  4 12:17:14 2020

Academic license - for non-commercial use only
Optimize a model with 9 rows, 50 columns and 175 nonzeros
Variable types: 0 continuous, 50 integer (50 binary)
Coefficient statistics:
  Matrix range     [1e+00, 1e+01]
  Objective range  [1e+01, 1e+02]
  Bounds range     [1e+00, 1e+00]
  RHS range        [1e+00, 1e+00]
Found heuristic solution: objective -0.0000000
Presolve removed 5 rows and 28 columns
Presolve time: 0.00s
Presolved: 4 rows, 22 columns, 68 nonzeros
Variable types: 0 continuous, 22 integer (15 binary)

Root relaxation: objective 2.230000e+02, 9 iterations, 0.00 seconds

    Nodes    |    Current Node    |     Objective Bounds      |     Work
 Expl Unexpl |  Obj  Depth IntInf | Incumbent    BestBd   Gap | It/Node Time

*    0     0               0     223.0000000  223.00000  0.00%     -    0s

Explored 0 nodes (9 simplex iterations) in 0.00 seconds
Thread count was 4 (of 4 available processors)

Solution count 2: 223 -0 

Optimal solution found (tolerance 1.00e-04)
Best objective 2.230000000000e+02, best bound 2.230000000000e+02, gap 0.0000%

Gurobi 8.1.1 (mac64, Python) logging started Tue Aug  4 14:07:23 2020

Academic license - for non-commercial use only
Optimize a model with 70 rows, 5200 columns and 106400 nonzeros
Variable types: 0 continuous, 5200 integer (5200 binary)
Coefficient statistics:
  Matrix range     [1e+00, 1e+03]
  Objective range  [7e+03, 2e+06]
  Bounds range     [1e+00, 1e+00]
  RHS range        [1e+00, 1e+00]
Found heuristic solution: objective -0.0000000
Presolve removed 50 rows and 2461 columns
Presolve time: 0.11s
Presolved: 20 rows, 2739 columns, 54729 nonzeros
Variable types: 0 continuous, 2739 integer (2728 binary)

Root relaxation: cutoff, 1 iterations, 0.00 seconds

    Nodes    |    Current Node    |     Objective Bounds      |     Work
 Expl Unexpl |  Obj  Depth IntInf | Incumbent    BestBd   Gap | It/Node Time

     0     0     cutoff    0        -0.00000   -0.00000  0.00%     -    0s

Explored 0 nodes (1 simplex iterations) in 0.12 seconds
Thread count was 4 (of 4 available processors)

Solution count 1: -0 

Optimal solution found (tolerance 1.00e-04)
Best objective -0.000000000000e+00, best bound -0.000000000000e+00, gap 0.0000%

Gurobi 8.1.1 (mac64, Python) logging started Tue Aug  4 14:08:02 2020

Academic license - for non-commercial use only
Optimize a model with 70 rows, 5500 columns and 112400 nonzeros
Variable types: 0 continuous, 5500 integer (5500 binary)
Coefficient statistics:
  Matrix range     [1e+00, 1e+03]
  Objective range  [8e+03, 2e+06]
  Bounds range     [1e+00, 1e+00]
  RHS range        [1e+00, 1e+00]
Found heuristic solution: objective -0.0000000
Presolve removed 50 rows and 2466 columns
Presolve time: 0.11s
Presolved: 20 rows, 3034 columns, 60629 nonzeros
Variable types: 0 continuous, 3034 integer (3018 binary)

Root relaxation: cutoff, 0 iterations, 0.00 seconds

Explored 0 nodes (0 simplex iterations) in 0.13 seconds
Thread count was 4 (of 4 available processors)

Solution count 1: -0 

Optimal solution found (tolerance 1.00e-04)
Best objective -0.000000000000e+00, best bound -0.000000000000e+00, gap 0.0000%

Gurobi 8.1.1 (mac64, Python) logging started Tue Aug  4 14:10:14 2020

Academic license - for non-commercial use only
Optimize a model with 70 rows, 5600 columns and 114500 nonzeros
Variable types: 0 continuous, 5600 integer (5600 binary)
Coefficient statistics:
  Matrix range     [1e+00, 1e+03]
  Objective range  [2e+03, 2e+06]
  Bounds range     [1e+00, 1e+00]
  RHS range        [1e+00, 1e+00]
Found heuristic solution: objective -0.0000000
Presolve removed 50 rows and 2463 columns
Presolve time: 0.12s
Presolved: 20 rows, 3137 columns, 62740 nonzeros
Variable types: 0 continuous, 3137 integer (3124 binary)

Root relaxation: cutoff, 1 iterations, 0.00 seconds

    Nodes    |    Current Node    |     Objective Bounds      |     Work
 Expl Unexpl |  Obj  Depth IntInf | Incumbent    BestBd   Gap | It/Node Time

     0     0     cutoff    0        -0.00000   -0.00000  0.00%     -    0s

Explored 0 nodes (1 simplex iterations) in 0.14 seconds
Thread count was 4 (of 4 available processors)

Solution count 1: -0 

Optimal solution found (tolerance 1.00e-04)
Best objective -0.000000000000e+00, best bound -0.000000000000e+00, gap 0.0000%

Gurobi 8.1.1 (mac64, Python) logging started Tue Aug  4 14:11:39 2020

Academic license - for non-commercial use only

Gurobi 8.1.1 (mac64, Python) logging started Tue Aug  4 14:11:55 2020

Academic license - for non-commercial use only
Optimize a model with 70 rows, 5600 columns and 114200 nonzeros
Variable types: 0 continuous, 5600 integer (5600 binary)
Coefficient statistics:
  Matrix range     [1e+00, 1e+03]
  Objective range  [4e+03, 2e+06]
  Bounds range     [1e+00, 1e+00]
  RHS range        [1e+00, 1e+00]
Found heuristic solution: objective -0.0000000
Presolve removed 50 rows and 2463 columns
Presolve time: 0.12s
Presolved: 20 rows, 3137 columns, 62588 nonzeros
Variable types: 0 continuous, 3137 integer (3124 binary)

Root relaxation: cutoff, 1 iterations, 0.00 seconds

    Nodes    |    Current Node    |     Objective Bounds      |     Work
 Expl Unexpl |  Obj  Depth IntInf | Incumbent    BestBd   Gap | It/Node Time

     0     0     cutoff    0        -0.00000   -0.00000  0.00%     -    0s

Explored 0 nodes (1 simplex iterations) in 0.13 seconds
Thread count was 4 (of 4 available processors)

Solution count 1: -0 

Optimal solution found (tolerance 1.00e-04)
Best objective -0.000000000000e+00, best bound -0.000000000000e+00, gap 0.0000%

Gurobi 8.1.1 (mac64, Python) logging started Tue Aug  4 14:12:40 2020

Academic license - for non-commercial use only
Optimize a model with 70 rows, 5300 columns and 108300 nonzeros
Variable types: 0 continuous, 5300 integer (5300 binary)
Coefficient statistics:
  Matrix range     [1e+00, 1e+03]
  Objective range  [6e+03, 2e+06]
  Bounds range     [1e+00, 1e+00]
  RHS range        [1e+00, 1e+00]
Found heuristic solution: objective -0.0000000
Presolve removed 50 rows and 2467 columns
Presolve time: 0.11s
Presolved: 20 rows, 2833 columns, 56559 nonzeros
Variable types: 0 continuous, 2833 integer (2816 binary)

Root relaxation: cutoff, 0 iterations, 0.00 seconds

Explored 0 nodes (0 simplex iterations) in 0.12 seconds
Thread count was 4 (of 4 available processors)

Solution count 1: -0 

Optimal solution found (tolerance 1.00e-04)
Best objective -0.000000000000e+00, best bound -0.000000000000e+00, gap 0.0000%

Gurobi 8.1.1 (mac64, Python) logging started Tue Aug  4 14:12:54 2020

Academic license - for non-commercial use only
Optimize a model with 70 rows, 5300 columns and 108500 nonzeros
Variable types: 0 continuous, 5300 integer (5300 binary)
Coefficient statistics:
  Matrix range     [1e+00, 1e+03]
  Objective range  [2e+03, 2e+06]
  Bounds range     [1e+00, 1e+00]
  RHS range        [1e+00, 1e+00]
Found heuristic solution: objective -0.0000000
Presolve removed 50 rows and 2466 columns
Presolve time: 0.11s
Presolved: 20 rows, 2834 columns, 56680 nonzeros
Variable types: 0 continuous, 2834 integer (2818 binary)

Root relaxation: cutoff, 0 iterations, 0.00 seconds

Explored 0 nodes (0 simplex iterations) in 0.12 seconds
Thread count was 4 (of 4 available processors)

Solution count 1: -0 

Optimal solution found (tolerance 1.00e-04)
Best objective -0.000000000000e+00, best bound -0.000000000000e+00, gap 0.0000%

Gurobi 8.1.1 (mac64, Python) logging started Tue Aug  4 14:18:03 2020

Academic license - for non-commercial use only
Optimize a model with 70 rows, 2500 columns and 51150 nonzeros
Variable types: 0 continuous, 2500 integer (2500 binary)
Coefficient statistics:
  Matrix range     [1e+00, 1e+03]
  Objective range  [2e+03, 2e+06]
  Bounds range     [1e+00, 1e+00]
  RHS range        [1e+00, 1e+00]
Found heuristic solution: objective -0.0000000
Presolve removed 50 rows and 1233 columns
Presolve time: 0.05s
Presolved: 20 rows, 1267 columns, 25289 nonzeros
Variable types: 0 continuous, 1267 integer (1259 binary)

Root relaxation: cutoff, 0 iterations, 0.00 seconds

Explored 0 nodes (0 simplex iterations) in 0.06 seconds
Thread count was 4 (of 4 available processors)

Solution count 1: -0 

Optimal solution found (tolerance 1.00e-04)
Best objective -0.000000000000e+00, best bound -0.000000000000e+00, gap 0.0000%

Gurobi 8.1.1 (mac64, Python) logging started Tue Aug  4 14:18:24 2020

Academic license - for non-commercial use only
Optimize a model with 70 rows, 2400 columns and 49200 nonzeros
Variable types: 0 continuous, 2400 integer (2400 binary)
Coefficient statistics:
  Matrix range     [1e+00, 1e+03]
  Objective range  [9e+03, 2e+06]
  Bounds range     [1e+00, 1e+00]
  RHS range        [1e+00, 1e+00]
Found heuristic solution: objective -0.0000000
Presolve removed 50 rows and 1182 columns
Presolve time: 0.05s
Presolved: 20 rows, 1218 columns, 24360 nonzeros
Variable types: 0 continuous, 1218 integer (1212 binary)

Root relaxation: cutoff, 0 iterations, 0.00 seconds

Explored 0 nodes (0 simplex iterations) in 0.06 seconds
Thread count was 4 (of 4 available processors)

Solution count 1: -0 

Optimal solution found (tolerance 1.00e-04)
Best objective -0.000000000000e+00, best bound -0.000000000000e+00, gap 0.0000%

Gurobi 8.1.1 (mac64, Python) logging started Tue Aug  4 14:18:43 2020

Academic license - for non-commercial use only
Optimize a model with 70 rows, 5000 columns and 102300 nonzeros
Variable types: 0 continuous, 5000 integer (5000 binary)
Coefficient statistics:
  Matrix range     [1e+00, 1e+03]
  Objective range  [6e+03, 1e+06]
  Bounds range     [1e+00, 1e+00]
  RHS range        [1e+00, 1e+00]
Found heuristic solution: objective -0.0000000
Presolve removed 50 rows and 2467 columns
Presolve time: 0.10s
Presolved: 20 rows, 2533 columns, 50558 nonzeros
Variable types: 0 continuous, 2533 integer (2516 binary)

Root relaxation: cutoff, 1 iterations, 0.00 seconds

    Nodes    |    Current Node    |     Objective Bounds      |     Work
 Expl Unexpl |  Obj  Depth IntInf | Incumbent    BestBd   Gap | It/Node Time

     0     0     cutoff    0        -0.00000   -0.00000  0.00%     -    0s

Explored 0 nodes (1 simplex iterations) in 0.11 seconds
Thread count was 4 (of 4 available processors)

Solution count 1: -0 

Optimal solution found (tolerance 1.00e-04)
Best objective -0.000000000000e+00, best bound -0.000000000000e+00, gap 0.0000%

Gurobi 8.1.1 (mac64, Python) logging started Tue Aug  4 14:20:05 2020

Academic license - for non-commercial use only
Optimize a model with 70 rows, 5000 columns and 102300 nonzeros
Variable types: 0 continuous, 5000 integer (5000 binary)
Coefficient statistics:
  Matrix range     [1e+00, 1e+03]
  Objective range  [5e+03, 5e+04]
  Bounds range     [1e+00, 1e+00]
  RHS range        [1e+00, 1e+00]
Found heuristic solution: objective -0.0000000
Presolve removed 50 rows and 2461 columns
Presolve time: 0.09s
Presolved: 20 rows, 2539 columns, 50678 nonzeros
Variable types: 0 continuous, 2539 integer (2528 binary)

Root relaxation: objective 7.324450e+05, 85 iterations, 0.01 seconds

    Nodes    |    Current Node    |     Objective Bounds      |     Work
 Expl Unexpl |  Obj  Depth IntInf | Incumbent    BestBd   Gap | It/Node Time

     0     0 732444.952    0   20   -0.00000 732444.952      -     -    0s
H    0     0                    687789.00000 732444.952  6.49%     -    0s
H    0     0                    707914.00000 732444.952  3.47%     -    0s
     0     0 732444.952    0   20 707914.000 732444.952  3.47%     -    0s
     0     2 732444.952    0   20 707914.000 732444.952  3.47%     -    0s
H  969   877                    709229.00000 731613.866  3.16%   2.9    2s
  2461  1665 713221.858  133   16 709229.000 731525.503  3.14%   6.1    5s
 14613 12142 711305.539  282   20 709229.000 731014.820  3.07%   4.1   11s
 15962 12892 726222.494   93   18 709229.000 731014.820  3.07%   4.5   15s
 28054 19435 725098.855   61   16 709229.000 730943.128  3.06%   4.3   20s
 42381 27349 720406.964  148   18 709229.000 730747.507  3.03%   4.2   25s
 57437 38014 713938.746  311   14 709229.000 730574.535  3.01%   4.1   30s
 71323 50530 726725.940   43   18 709229.000 730485.466  3.00%   4.1   35s
 85862 63806     cutoff  457      709229.000 730404.115  2.99%   4.0   40s
H93354 58327                    713139.00000 730356.461  2.41%   4.0   42s
 95586 60362 724288.492   82   24 713139.000 730336.300  2.41%   4.0   45s
 103874 64631 729018.414   58   20 713139.000 730336.300  2.41%   4.0   50s
 118043 72494 720964.506  107   12 713139.000 730336.300  2.41%   4.0   55s
 131672 80425 723865.642  144   18 713139.000 730336.300  2.41%   4.0   60s
 146620 88778 726033.999   78   18 713139.000 730322.111  2.41%   4.0   65s
 159846 96352 722058.686   55   20 713139.000 730243.245  2.40%   4.0   70s
 172347 103187 718949.566  175   14 713139.000 730165.265  2.39%   4.1   75s
 182111 108773 720282.760  103   15 713139.000 730114.191  2.38%   4.1   80s
 195396 116308 722470.206  110   18 713139.000 730065.344  2.37%   4.1   85s
 208960 123926 729509.100   52   20 713139.000 730018.838  2.37%   4.1   90s
 220688 130536 724958.434   81   19 713139.000 729982.322  2.36%   4.1   95s
 230272 136106 718657.755  236   16 713139.000 729949.372  2.36%   4.1  100s
 245458 144786 714019.015  173   16 713139.000 729906.608  2.35%   4.1  105s
 260427 153132 725690.801   99   17 713139.000 729861.802  2.34%   4.1  110s
 275097 161358 720697.749  154   17 713139.000 729815.874  2.34%   4.1  115s
 288987 173417 726610.849   53   20 713139.000 729787.216  2.33%   4.1  120s
 302350 185334 722035.675  114   17 713139.000 729758.072  2.33%   4.1  125s
 316134 197803 725250.120   89   15 713139.000 729725.993  2.33%   4.1  130s
 330956 211184 717484.696  207   13 713139.000 729698.799  2.32%   4.1  135s
 343584 222511     cutoff  138      713139.000 729668.717  2.32%   4.1  140s
 357998 235311 722262.854  130   16 713139.000 729640.839  2.31%   4.1  145s
 371813 247546 723960.484   78   18 713139.000 729617.738  2.31%   4.2  150s
 384268 258769 725771.143   67   19 713139.000 729598.455  2.31%   4.2  155s
 395416 268821 727114.662   67   18 713139.000 729582.148  2.31%   4.2  160s
 409597 281545 728547.882   54   20 713139.000 729563.627  2.30%   4.2  165s
 423215 293842 728548.953   59   19 713139.000 729544.144  2.30%   4.2  170s
 437906 307088 728005.405   66   19 713139.000 729524.542  2.30%   4.2  175s
 451384 319135 716369.808  124   13 713139.000 729509.783  2.30%   4.2  180s
 465496 331917 723902.751   96   19 713139.000 729490.099  2.29%   4.2  185s
 477727 342702 716623.710  165   15 713139.000 729477.993  2.29%   4.2  190s

Cutting planes:
  Gomory: 4

Explored 482225 nodes (2013098 simplex iterations) in 191.56 seconds
Thread count was 4 (of 4 available processors)

Solution count 5: 713139 709229 707914 ... -0

Solve interrupted
Best objective 7.131390000000e+05, best bound 7.294740000000e+05, gap 2.2906%

Gurobi 8.1.1 (mac64, Python) logging started Tue Aug  4 14:23:37 2020

Academic license - for non-commercial use only
Optimize a model with 15 rows, 200 columns and 1080 nonzeros
Variable types: 0 continuous, 200 integer (200 binary)
Coefficient statistics:
  Matrix range     [1e+00, 1e+03]
  Objective range  [9e+02, 1e+04]
  Bounds range     [1e+00, 1e+00]
  RHS range        [1e+00, 1e+00]
Found heuristic solution: objective -0.0000000
Presolve removed 10 rows and 102 columns
Presolve time: 0.00s
Presolved: 5 rows, 98 columns, 482 nonzeros
Variable types: 0 continuous, 98 integer (86 binary)

Root relaxation: objective 4.651800e+04, 9 iterations, 0.00 seconds

    Nodes    |    Current Node    |     Objective Bounds      |     Work
 Expl Unexpl |  Obj  Depth IntInf | Incumbent    BestBd   Gap | It/Node Time

*    0     0               0    46518.000000 46518.0000  0.00%     -    0s

Explored 0 nodes (9 simplex iterations) in 0.00 seconds
Thread count was 4 (of 4 available processors)

Solution count 2: 46518 -0 

Optimal solution found (tolerance 1.00e-04)
Best objective 4.651800000000e+04, best bound 4.651800000000e+04, gap 0.0000%

Gurobi 8.1.1 (mac64, Python) logging started Tue Aug  4 14:23:51 2020

Academic license - for non-commercial use only
Optimize a model with 25 rows, 800 columns and 4360 nonzeros
Variable types: 0 continuous, 800 integer (800 binary)
Coefficient statistics:
  Matrix range     [1e+00, 1e+03]
  Objective range  [5e+01, 2e+04]
  Bounds range     [1e+00, 1e+00]
  RHS range        [1e+00, 1e+00]
Found heuristic solution: objective -0.0000000
Presolve removed 20 rows and 523 columns
Presolve time: 0.00s
Presolved: 5 rows, 277 columns, 1373 nonzeros
Variable types: 0 continuous, 277 integer (176 binary)

Root relaxation: objective 1.442254e+05, 11 iterations, 0.00 seconds

    Nodes    |    Current Node    |     Objective Bounds      |     Work
 Expl Unexpl |  Obj  Depth IntInf | Incumbent    BestBd   Gap | It/Node Time

     0     0 144225.435    0    5   -0.00000 144225.435      -     -    0s
H    0     0                    137900.00000 144225.435  4.59%     -    0s
H    0     0                    139590.00000 144225.435  3.32%     -    0s
H    0     0                    140525.00000 144225.435  2.63%     -    0s
     0     0 144211.712    0    7 140525.000 144211.712  2.62%     -    0s
     0     0 144211.712    0    5 140525.000 144211.712  2.62%     -    0s
     0     0 144211.712    0    7 140525.000 144211.712  2.62%     -    0s
     0     0 144208.410    0    7 140525.000 144208.410  2.62%     -    0s
     0     0 144198.414    0    7 140525.000 144198.414  2.61%     -    0s
     0     0 144166.057    0    9 140525.000 144166.057  2.59%     -    0s
     0     0 144142.071    0    8 140525.000 144142.071  2.57%     -    0s
     0     0 144140.797    0    9 140525.000 144140.797  2.57%     -    0s
     0     0 144135.101    0    9 140525.000 144135.101  2.57%     -    0s
     0     0 144128.910    0   10 140525.000 144128.910  2.56%     -    0s
     0     0 144126.261    0   11 140525.000 144126.261  2.56%     -    0s
     0     0 144119.436    0   12 140525.000 144119.436  2.56%     -    0s
     0     0 144119.338    0   12 140525.000 144119.338  2.56%     -    0s
     0     0 144118.305    0   11 140525.000 144118.305  2.56%     -    0s
     0     0 144116.214    0   11 140525.000 144116.214  2.56%     -    0s
     0     0 144115.672    0   11 140525.000 144115.672  2.56%     -    0s
     0     0 144114.324    0   11 140525.000 144114.324  2.55%     -    0s
     0     0 144113.269    0   11 140525.000 144113.269  2.55%     -    0s
     0     0 144106.982    0   10 140525.000 144106.982  2.55%     -    0s
     0     0 144095.797    0   11 140525.000 144095.797  2.54%     -    0s
     0     0 144095.795    0   12 140525.000 144095.795  2.54%     -    0s
     0     0 144092.956    0   12 140525.000 144092.956  2.54%     -    0s
     0     0 144088.446    0   10 140525.000 144088.446  2.54%     -    0s
     0     0 144087.697    0   11 140525.000 144087.697  2.54%     -    0s
     0     0 144087.697    0   11 140525.000 144087.697  2.54%     -    0s
     0     2 144087.697    0   11 140525.000 144087.697  2.54%     -    0s
H  226   166                    141020.00000 144004.888  2.12%   2.3    0s
H  814   512                    141060.00000 143801.736  1.94%   2.6    0s
H 2220   749                    141670.00000 143611.792  1.37%   2.3    0s

Cutting planes:
  Gomory: 1

Explored 32974 nodes (95191 simplex iterations) in 1.15 seconds
Thread count was 4 (of 4 available processors)

Solution count 7: 141670 141060 141020 ... -0

Optimal solution found (tolerance 1.00e-04)
Best objective 1.416700000000e+05, best bound 1.416700000000e+05, gap 0.0000%

Gurobi 8.1.1 (mac64, Python) logging started Tue Aug  4 14:25:11 2020

Academic license - for non-commercial use only
Optimize a model with 25 rows, 800 columns and 4360 nonzeros
Variable types: 0 continuous, 800 integer (800 binary)
Coefficient statistics:
  Matrix range     [1e+00, 1e+03]
  Objective range  [6e+01, 2e+04]
  Bounds range     [1e+00, 1e+00]
  RHS range        [1e+00, 1e+00]
Found heuristic solution: objective -0.0000000
Presolve removed 20 rows and 484 columns
Presolve time: 0.00s
Presolved: 5 rows, 316 columns, 1568 nonzeros
Variable types: 0 continuous, 316 integer (214 binary)

Root relaxation: objective 1.251989e+05, 17 iterations, 0.00 seconds

    Nodes    |    Current Node    |     Objective Bounds      |     Work
 Expl Unexpl |  Obj  Depth IntInf | Incumbent    BestBd   Gap | It/Node Time

     0     0 125198.945    0    5   -0.00000 125198.945      -     -    0s
H    0     0                    120742.00000 125198.945  3.69%     -    0s
H    0     0                    121102.00000 125198.945  3.38%     -    0s
H    0     0                    121622.00000 125198.945  2.94%     -    0s
     0     0 125110.806    0    7 121622.000 125110.806  2.87%     -    0s
     0     0 125110.806    0    5 121622.000 125110.806  2.87%     -    0s
     0     0 125110.806    0    7 121622.000 125110.806  2.87%     -    0s
     0     0 125055.051    0    8 121622.000 125055.051  2.82%     -    0s
     0     0 124984.430    0    7 121622.000 124984.430  2.76%     -    0s
     0     0 124972.305    0    9 121622.000 124972.305  2.75%     -    0s
     0     0 124915.889    0    9 121622.000 124915.889  2.71%     -    0s
     0     0 124915.294    0    9 121622.000 124915.294  2.71%     -    0s
     0     0 124907.362    0    8 121622.000 124907.362  2.70%     -    0s
     0     0 124905.888    0    9 121622.000 124905.888  2.70%     -    0s
     0     0 124900.440    0    9 121622.000 124900.440  2.70%     -    0s
     0     0 124894.171    0    9 121622.000 124894.171  2.69%     -    0s
     0     0 124891.746    0   10 121622.000 124891.746  2.69%     -    0s
     0     0 124888.210    0   10 121622.000 124888.210  2.69%     -    0s
     0     0 124884.702    0   10 121622.000 124884.702  2.68%     -    0s
     0     0 124883.748    0   10 121622.000 124883.748  2.68%     -    0s
     0     0 124882.503    0   11 121622.000 124882.503  2.68%     -    0s
     0     0 124882.503    0   11 121622.000 124882.503  2.68%     -    0s
     0     2 124882.503    0   11 121622.000 124882.503  2.68%     -    0s
H 6482  3929                    121907.00000 124454.549  2.09%   2.3    0s
H71246 27525                    122232.00000 123938.000  1.40%   2.6    3s
 106098 36245 123415.078   64    6 122232.000 123912.205  1.37%   2.7    5s
H238990 62258                    122367.00000 123583.589  0.99%   2.7    8s
 322193 76985 123372.842   61    5 122367.000 123435.719  0.87%   2.6   10s
 546848 83323 123138.486   62    5 122367.000 123138.486  0.63%   2.5   15s
 784673 22815     cutoff   62      122367.000 122678.769  0.25%   2.4   20s

Cutting planes:
  Gomory: 6
  MIR: 4

Explored 813702 nodes (1940980 simplex iterations) in 20.60 seconds
Thread count was 4 (of 4 available processors)

Solution count 7: 122367 122232 121907 ... -0

Optimal solution found (tolerance 1.00e-04)
Best objective 1.223670000000e+05, best bound 1.223770000000e+05, gap 0.0082%

Gurobi 8.1.1 (mac64, Python) logging started Tue Aug  4 15:03:04 2020

Academic license - for non-commercial use only
Optimize a model with 25 rows, 800 columns and 4400 nonzeros
Variable types: 0 continuous, 800 integer (800 binary)
Coefficient statistics:
  Matrix range     [1e+00, 1e+03]
  Objective range  [1e+02, 2e+04]
  Bounds range     [1e+00, 1e+00]
  RHS range        [1e+00, 1e+00]
Found heuristic solution: objective -0.0000000
Presolve removed 20 rows and 520 columns
Presolve time: 0.00s
Presolved: 5 rows, 280 columns, 1400 nonzeros
Variable types: 0 continuous, 280 integer (180 binary)

Root relaxation: objective 1.267245e+05, 19 iterations, 0.00 seconds

    Nodes    |    Current Node    |     Objective Bounds      |     Work
 Expl Unexpl |  Obj  Depth IntInf | Incumbent    BestBd   Gap | It/Node Time

     0     0 126724.488    0    5   -0.00000 126724.488      -     -    0s
H    0     0                    119237.00000 126724.488  6.28%     -    0s
H    0     0                    123652.00000 126724.488  2.48%     -    0s
     0     0 126705.939    0    6 123652.000 126705.939  2.47%     -    0s
     0     0 126705.939    0    5 123652.000 126705.939  2.47%     -    0s
     0     0 126705.939    0    6 123652.000 126705.939  2.47%     -    0s
     0     0 126664.141    0    7 123652.000 126664.141  2.44%     -    0s
     0     0 126660.789    0    7 123652.000 126660.789  2.43%     -    0s
     0     0 126636.997    0    7 123652.000 126636.997  2.41%     -    0s
     0     0 126633.406    0    8 123652.000 126633.406  2.41%     -    0s
     0     0 126624.287    0    9 123652.000 126624.287  2.40%     -    0s
     0     0 126586.655    0    7 123652.000 126586.655  2.37%     -    0s
     0     0 126584.966    0    7 123652.000 126584.966  2.37%     -    0s
     0     0 126580.805    0    8 123652.000 126580.805  2.37%     -    0s
     0     0 126579.150    0    9 123652.000 126579.150  2.37%     -    0s
     0     0 126579.107    0    9 123652.000 126579.107  2.37%     -    0s
     0     0 126572.985    0    7 123652.000 126572.985  2.36%     -    0s
     0     2 126572.985    0    7 123652.000 126572.985  2.36%     -    0s
H   35    35                    124052.00000 126512.908  1.98%   1.8    0s
H21915 10778                    124332.00000 125991.642  1.33%   2.2    0s
 228027 39967 125199.316   38    5 124332.000 125215.246  0.71%   2.1    5s

Cutting planes:
  Gomory: 3
  MIR: 3

Explored 394310 nodes (812306 simplex iterations) in 8.43 seconds
Thread count was 4 (of 4 available processors)

Solution count 5: 124332 124052 123652 ... -0

Optimal solution found (tolerance 1.00e-04)
Best objective 1.243320000000e+05, best bound 1.243420000000e+05, gap 0.0080%

Gurobi 8.1.1 (mac64, Python) logging started Tue Aug  4 15:14:21 2020

Academic license - for non-commercial use only
Optimize a model with 25 rows, 800 columns and 4400 nonzeros
Variable types: 0 continuous, 800 integer (800 binary)
Coefficient statistics:
  Matrix range     [1e+00, 1e+03]
  Objective range  [2e+02, 2e+04]
  Bounds range     [1e+00, 1e+00]
  RHS range        [1e+00, 1e+00]
Found heuristic solution: objective -0.0000000
Presolve removed 20 rows and 520 columns
Presolve time: 0.00s
Presolved: 5 rows, 280 columns, 1400 nonzeros
Variable types: 0 continuous, 280 integer (180 binary)

Root relaxation: objective 1.555880e+05, 15 iterations, 0.00 seconds

    Nodes    |    Current Node    |     Objective Bounds      |     Work
 Expl Unexpl |  Obj  Depth IntInf | Incumbent    BestBd   Gap | It/Node Time

*    0     0               0    155588.00000 155588.000  0.00%     -    0s

Explored 0 nodes (15 simplex iterations) in 0.01 seconds
Thread count was 4 (of 4 available processors)

Solution count 2: 155588 -0 

Optimal solution found (tolerance 1.00e-04)
Best objective 1.555880000000e+05, best bound 1.555880000000e+05, gap 0.0000%

Gurobi 8.1.1 (mac64, Python) logging started Tue Aug  4 15:15:09 2020

Academic license - for non-commercial use only
Optimize a model with 25 rows, 800 columns and 4400 nonzeros
Variable types: 0 continuous, 800 integer (800 binary)
Coefficient statistics:
  Matrix range     [1e+00, 1e+03]
  Objective range  [1e+01, 2e+04]
  Bounds range     [1e+00, 1e+00]
  RHS range        [1e+00, 1e+00]
Found heuristic solution: objective -0.0000000
Presolve removed 20 rows and 480 columns
Presolve time: 0.00s
Presolved: 5 rows, 320 columns, 1600 nonzeros
Variable types: 0 continuous, 320 integer (240 binary)

Root relaxation: objective 1.833830e+05, 11 iterations, 0.00 seconds

    Nodes    |    Current Node    |     Objective Bounds      |     Work
 Expl Unexpl |  Obj  Depth IntInf | Incumbent    BestBd   Gap | It/Node Time

*    0     0               0    183383.00000 183383.000  0.00%     -    0s

Explored 0 nodes (11 simplex iterations) in 0.01 seconds
Thread count was 4 (of 4 available processors)

Solution count 2: 183383 -0 

Optimal solution found (tolerance 1.00e-04)
Best objective 1.833830000000e+05, best bound 1.833830000000e+05, gap 0.0000%

Gurobi 8.1.1 (mac64, Python) logging started Tue Aug  4 15:15:44 2020

Academic license - for non-commercial use only
Optimize a model with 35 rows, 1800 columns and 9900 nonzeros
Variable types: 0 continuous, 1800 integer (1800 binary)
Coefficient statistics:
  Matrix range     [1e+00, 1e+03]
  Objective range  [5e+00, 2e+04]
  Bounds range     [1e+00, 1e+00]
  RHS range        [1e+00, 1e+00]
Found heuristic solution: objective -0.0000000
Presolve removed 30 rows and 1352 columns
Presolve time: 0.01s
Presolved: 5 rows, 448 columns, 2240 nonzeros
Variable types: 0 continuous, 448 integer (210 binary)

Root relaxation: objective 2.238351e+05, 18 iterations, 0.00 seconds

    Nodes    |    Current Node    |     Objective Bounds      |     Work
 Expl Unexpl |  Obj  Depth IntInf | Incumbent    BestBd   Gap | It/Node Time

     0     0 223835.111    0    5   -0.00000 223835.111      -     -    0s
H    0     0                    217285.00000 223835.111  3.01%     -    0s
H    0     0                    219160.00000 223835.111  2.13%     -    0s
H    0     0                    220365.00000 223835.111  1.57%     -    0s
     0     0 223695.963    0    5 220365.000 223695.963  1.51%     -    0s
     0     0 223695.963    0    5 220365.000 223695.963  1.51%     -    0s
     0     0 223695.963    0    6 220365.000 223695.963  1.51%     -    0s
     0     0 223650.452    0    6 220365.000 223650.452  1.49%     -    0s
     0     0 223610.000    0    4 220365.000 223610.000  1.47%     -    0s
H    0     0                    221205.00000 223610.000  1.09%     -    0s
     0     0 223583.069    0    7 221205.000 223583.069  1.08%     -    0s
     0     0 223575.842    0    7 221205.000 223575.842  1.07%     -    0s
     0     0 223568.198    0    8 221205.000 223568.198  1.07%     -    0s
     0     0 223565.040    0    8 221205.000 223565.040  1.07%     -    0s
     0     0 223545.898    0    9 221205.000 223545.898  1.06%     -    0s
     0     0 223536.937    0    9 221205.000 223536.937  1.05%     -    0s
     0     0 223536.937    0    5 221205.000 223536.937  1.05%     -    0s
     0     0 223536.937    0    6 221205.000 223536.937  1.05%     -    0s
     0     0 223536.937    0    7 221205.000 223536.937  1.05%     -    0s
     0     0 223536.937    0    8 221205.000 223536.937  1.05%     -    0s
     0     0 223536.937    0    8 221205.000 223536.937  1.05%     -    0s
     0     0 223536.937    0    9 221205.000 223536.937  1.05%     -    0s
     0     0 223536.937    0    9 221205.000 223536.937  1.05%     -    0s
     0     2 223536.937    0    9 221205.000 223536.937  1.05%     -    0s
H17081  8783                    221280.00000 222796.256  0.69%   2.6    0s
 150003 38729 222077.397   45    5 221280.000 222240.333  0.43%   2.7    5s
 374763 11035     cutoff   45      221280.000 221542.359  0.12%   2.5   10s

Cutting planes:
  Gomory: 4

Explored 388297 nodes (1007571 simplex iterations) in 10.38 seconds
Thread count was 4 (of 4 available processors)

Solution count 6: 221280 221205 220365 ... -0

Optimal solution found (tolerance 1.00e-04)
Best objective 2.212800000000e+05, best bound 2.213000000000e+05, gap 0.0090%

Gurobi 8.1.1 (mac64, Python) logging started Tue Aug  4 15:20:02 2020

Academic license - for non-commercial use only
Optimize a model with 35 rows, 1800 columns and 9900 nonzeros
Variable types: 0 continuous, 1800 integer (1800 binary)
Coefficient statistics:
  Matrix range     [1e+00, 1e+03]
  Objective range  [5e+00, 2e+04]
  Bounds range     [1e+00, 1e+00]
  RHS range        [1e+00, 1e+00]
Found heuristic solution: objective -0.0000000
Presolve removed 30 rows and 1203 columns
Presolve time: 0.01s
Presolved: 5 rows, 597 columns, 2985 nonzeros
Variable types: 0 continuous, 597 integer (268 binary)

Root relaxation: objective 2.314700e+05, 18 iterations, 0.00 seconds

    Nodes    |    Current Node    |     Objective Bounds      |     Work
 Expl Unexpl |  Obj  Depth IntInf | Incumbent    BestBd   Gap | It/Node Time

*    0     0               0    231470.00000 231470.000  0.00%     -    0s

Explored 0 nodes (18 simplex iterations) in 0.01 seconds
Thread count was 4 (of 4 available processors)

Solution count 2: 231470 -0 

Optimal solution found (tolerance 1.00e-04)
Best objective 2.314700000000e+05, best bound 2.314700000000e+05, gap 0.0000%

Gurobi 8.1.1 (mac64, Python) logging started Tue Aug  4 15:20:49 2020

Academic license - for non-commercial use only
Optimize a model with 35 rows, 1800 columns and 9840 nonzeros
Variable types: 0 continuous, 1800 integer (1800 binary)
Coefficient statistics:
  Matrix range     [1e+00, 1e+03]
  Objective range  [5e+00, 2e+04]
  Bounds range     [1e+00, 1e+00]
  RHS range        [1e+00, 1e+00]
Found heuristic solution: objective -0.0000000
Presolve removed 30 rows and 1237 columns
Presolve time: 0.01s
Presolved: 5 rows, 563 columns, 2803 nonzeros
Variable types: 0 continuous, 563 integer (323 binary)

Root relaxation: objective 2.269520e+05, 21 iterations, 0.00 seconds

    Nodes    |    Current Node    |     Objective Bounds      |     Work
 Expl Unexpl |  Obj  Depth IntInf | Incumbent    BestBd   Gap | It/Node Time

     0     0 226952.000    0    5   -0.00000 226952.000      -     -    0s
H    0     0                    219977.00000 226952.000  3.17%     -    0s
H    0     0                    225092.00000 226952.000  0.83%     -    0s
     0     0 226952.000    0    6 225092.000 226952.000  0.83%     -    0s
     0     0 226952.000    0    5 225092.000 226952.000  0.83%     -    0s
     0     0 226952.000    0    6 225092.000 226952.000  0.83%     -    0s
     0     0 226952.000    0    6 225092.000 226952.000  0.83%     -    0s
     0     0 226952.000    0    6 225092.000 226952.000  0.83%     -    0s
H    0     0                    225227.00000 226952.000  0.77%     -    0s
     0     2 226952.000    0    6 225227.000 226952.000  0.77%     -    0s
H  125   104                    225962.00000 226952.000  0.44%   1.5    0s
H24959 14293                    226002.00000 226952.000  0.42%   2.1    0s
H44604 23008                    226142.00000 226952.000  0.36%   2.2    1s
H111432 34772                    226262.00000 226952.000  0.30%   2.2    3s
 195173 70857 226952.000   52    5 226262.000 226952.000  0.30%   2.2    5s
H268854 104425                    226307.00000 226952.000  0.29%   2.1    6s
 408967 109086 226952.000   65    5 226307.000 226952.000  0.29%   2.2   10s
H574911 92823                    226547.00000 226952.000  0.18%   2.2   13s
 627701 98490 226944.345   81    5 226547.000 226952.000  0.18%   2.2   15s
 844318 101901 226951.437   86    5 226547.000 226952.000  0.18%   2.3   20s
 1072424 175561 226572.528   97    4 226547.000 226952.000  0.18%   2.3   25s
 1301895 227535 226952.000   92    5 226547.000 226952.000  0.18%   2.3   30s
 1540593 284472 226952.000   81    5 226547.000 226952.000  0.18%   2.3   35s
 1771627 353922 226950.793   90    5 226547.000 226952.000  0.18%   2.2   40s
 1989687 401842 226950.098   87    5 226547.000 226952.000  0.18%   2.3   45s
 2227053 445124 226952.000   87    5 226547.000 226952.000  0.18%   2.3   50s
H2248778 442072                    226572.00000 226952.000  0.17%   2.3   50s
 2462286 471977 226944.131   89    5 226572.000 226952.000  0.17%   2.3   55s
 2690334 506197     cutoff   94      226572.000 226952.000  0.17%   2.2   60s
 2912319 562277 226952.000   81    5 226572.000 226952.000  0.17%   2.2   65s
 3136138 638882 226952.000   93    5 226572.000 226952.000  0.17%   2.2   70s
 3366371 693334 226950.732   91    5 226572.000 226952.000  0.17%   2.2   75s
 3607740 749684 226952.000   90    5 226572.000 226952.000  0.17%   2.2   80s
 3792924 792890 226952.000   85    5 226572.000 226952.000  0.17%   2.2   85s
 4017199 839663 226952.000   82    5 226572.000 226952.000  0.17%   2.2   90s
 4235815 883274 226581.222   88    4 226572.000 226952.000  0.17%   2.2   95s
 4454860 924959 226952.000   83    5 226572.000 226952.000  0.17%   2.2  100s

Cutting planes:
  Gomory: 1
  MIR: 1
  StrongCG: 1

Explored 4570617 nodes (10234791 simplex iterations) in 103.33 seconds
Thread count was 4 (of 4 available processors)

Solution count 10: 226572 226547 226307 ... 219977

Solve interrupted
Best objective 2.265720000000e+05, best bound 2.269520000000e+05, gap 0.1677%

Gurobi 8.1.1 (mac64, Python) logging started Tue Aug  4 15:22:37 2020

Academic license - for non-commercial use only
Optimize a model with 35 rows, 1800 columns and 9840 nonzeros
Variable types: 0 continuous, 1800 integer (1800 binary)
Coefficient statistics:
  Matrix range     [1e+00, 1e+03]
  Objective range  [8e+01, 2e+04]
  Bounds range     [1e+00, 1e+00]
  RHS range        [1e+00, 1e+00]
Found heuristic solution: objective -0.0000000
Presolve removed 30 rows and 1267 columns
Presolve time: 0.01s
Presolved: 5 rows, 533 columns, 2651 nonzeros
Variable types: 0 continuous, 533 integer (265 binary)

Root relaxation: objective 2.022368e+05, 19 iterations, 0.00 seconds

    Nodes    |    Current Node    |     Objective Bounds      |     Work
 Expl Unexpl |  Obj  Depth IntInf | Incumbent    BestBd   Gap | It/Node Time

     0     0 202236.771    0    5   -0.00000 202236.771      -     -    0s
H    0     0                    196123.00000 202236.771  3.12%     -    0s
H    0     0                    199678.00000 202236.771  1.28%     -    0s
     0     0 202235.522    0    6 199678.000 202235.522  1.28%     -    0s
     0     0 202235.522    0    5 199678.000 202235.522  1.28%     -    0s
     0     0 202235.522    0    6 199678.000 202235.522  1.28%     -    0s
     0     0 202206.439    0    6 199678.000 202206.439  1.27%     -    0s
     0     0 202197.439    0    7 199678.000 202197.439  1.26%     -    0s
     0     0 202193.139    0    8 199678.000 202193.139  1.26%     -    0s
     0     0 202164.955    0    7 199678.000 202164.955  1.25%     -    0s
     0     0 202163.623    0    7 199678.000 202163.623  1.24%     -    0s
     0     0 202150.348    0    8 199678.000 202150.348  1.24%     -    0s
     0     0 202147.632    0    8 199678.000 202147.632  1.24%     -    0s
     0     0 202146.106    0    8 199678.000 202146.106  1.24%     -    0s
     0     0 202123.040    0    7 199678.000 202123.040  1.22%     -    0s
     0     0 202112.311    0    7 199678.000 202112.311  1.22%     -    0s
     0     0 202110.838    0    8 199678.000 202110.838  1.22%     -    0s
     0     0 202110.331    0    9 199678.000 202110.331  1.22%     -    0s
     0     0 202107.072    0   10 199678.000 202107.072  1.22%     -    0s
     0     0 202105.279    0   10 199678.000 202105.279  1.22%     -    0s
     0     0 202104.978    0   10 199678.000 202104.978  1.22%     -    0s
     0     0 202104.621    0   11 199678.000 202104.621  1.22%     -    0s
     0     0 202104.621    0   11 199678.000 202104.621  1.22%     -    0s
     0     2 202104.621    0   11 199678.000 202104.621  1.22%     -    0s
H  839   627                    200498.00000 202046.518  0.77%   2.5    0s
 133578 48332 201437.292   54    5 200498.000 201437.292  0.47%   2.7    5s
H183067 61713                    200573.00000 201370.872  0.40%   2.6    6s
 325910 86208 200990.356   53    5 200573.000 201231.960  0.33%   2.5   10s
 539298 91351 201058.367   64    5 200573.000 201074.182  0.25%   2.5   15s
 763896 55019 200880.764   74    5 200573.000 200883.021  0.15%   2.4   20s

Cutting planes:
  Gomory: 4
  MIR: 5

Explored 871978 nodes (2168545 simplex iterations) in 22.65 seconds
Thread count was 4 (of 4 available processors)

Solution count 5: 200573 200498 199678 ... -0

Optimal solution found (tolerance 1.00e-04)
Best objective 2.005730000000e+05, best bound 2.005930000000e+05, gap 0.0100%

Gurobi 8.1.1 (mac64, Python) logging started Tue Aug  4 15:25:55 2020

Academic license - for non-commercial use only
Optimize a model with 35 rows, 1800 columns and 9900 nonzeros
Variable types: 0 continuous, 1800 integer (1800 binary)
Coefficient statistics:
  Matrix range     [1e+00, 1e+03]
  Objective range  [2e+01, 2e+04]
  Bounds range     [1e+00, 1e+00]
  RHS range        [1e+00, 1e+00]
Found heuristic solution: objective -178344.0000
Presolve removed 35 rows and 1800 columns
Presolve time: 0.00s
Presolve: All rows and columns removed

Explored 0 nodes (0 simplex iterations) in 0.00 seconds
Thread count was 1 (of 4 available processors)

Solution count 2: -324905 -178344 

Optimal solution found (tolerance 1.00e-04)
Best objective -3.249050000000e+05, best bound -3.249050000000e+05, gap 0.0000%

Gurobi 8.1.1 (mac64, Python) logging started Tue Aug  4 15:28:00 2020

Academic license - for non-commercial use only
Optimize a model with 35 rows, 1800 columns and 9900 nonzeros
Variable types: 0 continuous, 1800 integer (1800 binary)
Coefficient statistics:
  Matrix range     [1e+00, 1e+03]
  Objective range  [2e+02, 2e+04]
  Bounds range     [1e+00, 1e+00]
  RHS range        [1e+00, 1e+00]
Found heuristic solution: objective 238207.00000
Found heuristic solution: objective 351357.00000
Presolve removed 30 rows and 1320 columns
Presolve time: 0.01s
Presolved: 5 rows, 480 columns, 2400 nonzeros
Found heuristic solution: objective 606522.00000
Variable types: 0 continuous, 480 integer (240 binary)

Root relaxation: objective 6.591293e+05, 16 iterations, 0.00 seconds

    Nodes    |    Current Node    |     Objective Bounds      |     Work
 Expl Unexpl |  Obj  Depth IntInf | Incumbent    BestBd   Gap | It/Node Time

     0     0 659129.339    0    5 606522.000 659129.339  8.67%     -    0s
H    0     0                    654442.00000 659129.339  0.72%     -    0s
H    0     0                    657042.00000 659129.339  0.32%     -    0s
     0     0 659109.452    0    6 657042.000 659109.452  0.31%     -    0s
     0     0 659109.452    0    5 657042.000 659109.452  0.31%     -    0s
     0     0 659109.452    0    6 657042.000 659109.452  0.31%     -    0s
     0     0 658924.603    0    6 657042.000 658924.603  0.29%     -    0s
     0     0 658892.866    0    7 657042.000 658892.866  0.28%     -    0s
     0     0 658843.052    0    7 657042.000 658843.052  0.27%     -    0s
     0     0 658832.182    0    7 657042.000 658832.182  0.27%     -    0s
     0     0 658813.005    0    8 657042.000 658813.005  0.27%     -    0s
     0     0 658802.696    0    9 657042.000 658802.696  0.27%     -    0s
     0     0 658799.787    0    9 657042.000 658799.787  0.27%     -    0s
     0     0 658788.119    0    8 657042.000 658788.119  0.27%     -    0s
     0     0 658785.696    0    9 657042.000 658785.696  0.27%     -    0s
     0     0 658781.173    0    8 657042.000 658781.173  0.26%     -    0s
     0     0 658780.974    0    9 657042.000 658780.974  0.26%     -    0s
     0     0 658780.974    0    9 657042.000 658780.974  0.26%     -    0s
     0     2 658780.974    0    9 657042.000 658780.974  0.26%     -    0s

Cutting planes:
  Gomory: 2
  MIR: 5

Explored 119221 nodes (325660 simplex iterations) in 2.85 seconds
Thread count was 4 (of 4 available processors)

Solution count 5: 657042 654442 606522 ... 323817

Optimal solution found (tolerance 1.00e-04)
Best objective 6.570420000000e+05, best bound 6.570870000000e+05, gap 0.0068%
